<?xml version="1.0" encoding="UTF-8"?>
<testng-results skipped="0" failed="0" total="1" passed="1">
  <reporter-output>
  </reporter-output>
  <suite name="Default suite" duration-ms="287" started-at="2016-10-14T18:00:23Z" finished-at="2016-10-14T18:00:23Z">
    <groups>
    </groups>
    <test name="Default test" duration-ms="287" started-at="2016-10-14T18:00:23Z" finished-at="2016-10-14T18:00:23Z">
      <class name="com.testng.com.MyFirstTest">
        <test-method status="PASS" signature="beforeTest()[pri:0, instance:com.testng.com.MyFirstTest@6c7ee9eb]" name="beforeTest" is-config="true" duration-ms="58" started-at="2016-10-14T11:00:23Z" finished-at="2016-10-14T11:00:23Z">
          <reporter-output>
          </reporter-output>
        </test-method> <!-- beforeTest -->
        <test-method status="PASS" signature="f()[pri:0, instance:com.testng.com.MyFirstTest@6c7ee9eb]" name="f" duration-ms="34" started-at="2016-10-14T11:00:23Z" finished-at="2016-10-14T11:00:23Z">
          <reporter-output>
          </reporter-output>
        </test-method> <!-- f -->
        <test-method status="PASS" signature="afterTest()[pri:0, instance:com.testng.com.MyFirstTest@6c7ee9eb]" name="afterTest" is-config="true" duration-ms="1" started-at="2016-10-14T11:00:23Z" finished-at="2016-10-14T11:00:23Z">
          <reporter-output>
          </reporter-output>
        </test-method> <!-- afterTest -->
      </class> <!-- com.testng.com.MyFirstTest -->
    </test> <!-- Default test -->
  </suite> <!-- Default suite -->
</testng-results>
